[debug] [2022-05-05T16:35:01.347Z] ----------------------------------------------------------------------
[debug] [2022-05-05T16:35:01.348Z] Command:       C:\Program Files\nodejs\node.exe C:\Users\HP\AppData\Roaming\npm\node_modules\firebase-tools\lib\bin\firebase.js init
[debug] [2022-05-05T16:35:01.349Z] CLI Version:   10.8.0
[debug] [2022-05-05T16:35:01.349Z] Platform:      win32
[debug] [2022-05-05T16:35:01.349Z] Node Version:  v16.14.0
[debug] [2022-05-05T16:35:01.352Z] Time:          Thu May 05 2022 19:35:01 GMT+0300 (Arabian Standard Time)
[debug] [2022-05-05T16:35:01.352Z] ----------------------------------------------------------------------
[debug] 
[debug] [2022-05-05T16:35:01.355Z] >>> [apiv2][query] GET https://firebase-public.firebaseio.com/cli.json [none]
[debug] [2022-05-05T16:35:01.376Z] > command requires scopes: ["email","openid","https://www.googleapis.com/auth/cloudplatformprojects.readonly","https://www.googleapis.com/auth/firebase","https://www.googleapis.com/auth/cloud-platform"]
[debug] [2022-05-05T16:35:01.377Z] > authorizing via signed-in user (p.b.sharifmohammed.2015@gmail.com)
[info] 
     ######## #### ########  ######## ########     ###     ######  ########
     ##        ##  ##     ## ##       ##     ##  ##   ##  ##       ##
     ######    ##  ########  ######   ########  #########  ######  ######
     ##        ##  ##    ##  ##       ##     ## ##     ##       ## ##
     ##       #### ##     ## ######## ########  ##     ##  ######  ########

You're about to initialize a Firebase project in this directory:

  C:\projects\Assignmment-11\assignmment-11

Before we get started, keep in mind:

  * You are currently outside your home directory

[debug] [2022-05-05T16:35:02.900Z] <<< [apiv2][status] GET https://firebase-public.firebaseio.com/cli.json 200
[debug] [2022-05-05T16:35:02.900Z] <<< [apiv2][body] GET https://firebase-public.firebaseio.com/cli.json {"cloudBuildErrorAfter":1594252800000,"cloudBuildWarnAfter":1590019200000,"defaultNode10After":1594252800000,"minVersion":"3.0.5","node8DeploysDisabledAfter":1613390400000,"node8RuntimeDisabledAfter":1615809600000,"node8WarnAfter":1600128000000}
